
> osgard-backend@0.1.0 dev
> tsx watch src/server.ts

OSGARD backend listening on http://localhost:3003
[0mGET /health [32m200[0m 1.526 ms - 59[0m
13:17:31 [tsx] change in ./src\routes\auth.routes.ts Restarting...
OSGARD backend listening on http://localhost:3003
[0mPOST /auth/register [32m201[0m 85.400 ms - 418[0m
13:30:00 [tsx] change in ./src\routes\wallet.routes.ts Restarting...
OSGARD backend listening on http://localhost:3003
13:30:05 [tsx] change in ./src\routes\tcmarket.routes.ts Restarting...
OSGARD backend listening on http://localhost:3003
13:30:10 [tsx] change in ./src\routes\stakes.routes.ts Restarting...
OSGARD backend listening on http://localhost:3003
13:30:15 [tsx] change in ./src\routes\artifacts.routes.ts Restarting...
OSGARD backend listening on http://localhost:3003
13:30:20 [tsx] change in ./src\routes\marketplace.routes.ts Restarting...
OSGARD backend listening on http://localhost:3003
13:30:25 [tsx] change in ./src\routes\halloffame.routes.ts Restarting...
OSGARD backend listening on http://localhost:3003
13:30:30 [tsx] change in ./src\routes\leaderboard.routes.ts Restarting...
OSGARD backend listening on http://localhost:3003
13:30:34 [tsx] change in ./src\routes\transactions.routes.ts Restarting...
OSGARD backend listening on http://localhost:3003
13:30:44 [tsx] change in ./src\routes\wallet.routes.ts Restarting...
OSGARD backend listening on http://localhost:3003
15:53:47 [tsx] change in ./src\routes\tcmarket.routes.ts Rerunning...
OSGARD backend listening on http://localhost:3003
16:28:51 [tsx] change in ./src\routes\tcmarket.routes.ts Restarting...
OSGARD backend listening on http://localhost:3003
21:23:09 [tsx] change in ./src\routes\wallet.routes.ts Restarting...
OSGARD backend listening on http://localhost:3003
21:50:22 [tsx] change in ./src\server.ts Restarting...
OSGARD backend listening on http://localhost:3003
21:57:01 [tsx] change in ./src\server.ts Restarting...
OSGARD backend listening on http://localhost:3003
22:02:41 [tsx] change in ./src\routes\artifacts.routes.ts Restarting...
OSGARD backend listening on http://localhost:3003
22:04:07 [tsx] change in ./src\server.ts Restarting...
[migration:003] Starting premium upgrade migration...
A:\HADJAL\Рабочий стол\asgard-redesign\backend\src\migrations\003_premium_upgrade.ts:23
    db.exec(`ALTER TABLE ${table} ADD COLUMN ${column} ${definition}`)
       ^

Error: no such table: artifacts
    at addColumnIfMissing (A:\HADJAL\Рабочий стол\asgard-redesign\backend\src\migrations\003_premium_upgrade.ts:23:8)
    at runPremiumUpgradeMigration (A:\HADJAL\Рабочий стол\asgard-redesign\backend\src\migrations\003_premium_upgrade.ts:33:3)
    at referralRoutes (A:\HADJAL\Рабочий стол\asgard-redesign\backend\src\server.ts:36:1)
    at Object.<anonymous> (A:\HADJAL\Рабочий стол\asgard-redesign\backend\src\server.ts:65:2)
    at Module._compile (node:internal/modules/cjs/loader:1854:14)
    at Object.transformer (A:\HADJAL\Рабочий стол\asgard-redesign\backend\node_modules\tsx\dist\register-BoI6-WNn.cjs:9:3252)
    at Module.load (node:internal/modules/cjs/loader:1577:32)
    at Module._load (node:internal/modules/cjs/loader:1379:12)
    at wrapModuleLoad (node:internal/modules/cjs/loader:255:19)
    at loadCJSModuleWithModuleLoad (node:internal/modules/esm/translators:326:3) {
  code: 'ERR_SQLITE_ERROR',
  errcode: 1,
  errstr: 'SQL logic error'
}

Node.js v24.16.0
22:06:53 [tsx] change in ./src\routes\artifacts.routes.ts Rerunning...
[migration:003] Starting premium upgrade migration...
[migration:003] Table artifacts does not exist yet — skip (run init-db first)
OSGARD backend listening on http://localhost:3003
23:15:27 [tsx] change in ./src\server.ts Restarting...
[migration:003] Starting premium upgrade migration...
[migration:003] Table artifacts does not exist yet — skip (run init-db first)
OSGARD backend listening on http://localhost:3003
00:21:11 [tsx] change in ./src\routes\projects.routes.ts Restarting...
[migration:003] Starting premium upgrade migration...
[migration:003] Table artifacts does not exist yet — skip (run init-db first)
OSGARD backend listening on http://localhost:3003
[0mPOST /api/stripe/webhook [33m404[0m 1.177 ms - 21[0m
[0mPOST /api/stripe/webhook [33m404[0m 0.296 ms - 21[0m
[0mPOST /api/stripe/webhook [33m404[0m 0.141 ms - 21[0m
[0mGET / [33m404[0m 0.311 ms - 21[0m
[0mGET / [33m404[0m 0.172 ms - 21[0m
[0mGET /api/stripe/webhook [33m404[0m 0.151 ms - 21[0m
[0mGET /api/stripe/webhook [33m404[0m 0.156 ms - 21[0m
03:42:04 [tsx] change in ./src\server.ts Restarting...
[migration:003] Starting premium upgrade migration...
[migration:003] Table artifacts does not exist yet — skip (run init-db first)
OSGARD backend listening on http://localhost:3003
03:42:18 [tsx] change in ./src\server.ts Restarting...
[migration:003] Starting premium upgrade migration...
[migration:003] Table artifacts does not exist yet — skip (run init-db first)
[migration:004] Starting subscriptions migration...
A:\HADJAL\Рабочий стол\asgard-redesign\backend\src\migrations\004_subscriptions.ts:25
    db.exec(`ALTER TABLE ${table} ADD COLUMN ${column} ${definition}`)
       ^

Error: no such table: users
    at addColumnIfMissing (A:\HADJAL\Рабочий стол\asgard-redesign\backend\src\migrations\004_subscriptions.ts:25:8)
    at runSubscriptionsMigration (A:\HADJAL\Рабочий стол\asgard-redesign\backend\src\migrations\004_subscriptions.ts:36:3)
    at subscriptionRoutes (A:\HADJAL\Рабочий стол\asgard-redesign\backend\src\server.ts:50:1)
    at Object.<anonymous> (A:\HADJAL\Рабочий стол\asgard-redesign\backend\src\server.ts:81:2)
    at Module._compile (node:internal/modules/cjs/loader:1854:14)
    at Object.transformer (A:\HADJAL\Рабочий стол\asgard-redesign\backend\node_modules\tsx\dist\register-BoI6-WNn.cjs:9:3252)
    at Module.load (node:internal/modules/cjs/loader:1577:32)
    at Module._load (node:internal/modules/cjs/loader:1379:12)
    at wrapModuleLoad (node:internal/modules/cjs/loader:255:19)
    at loadCJSModuleWithModuleLoad (node:internal/modules/esm/translators:326:3) {
  code: 'ERR_SQLITE_ERROR',
  errcode: 1,
  errstr: 'SQL logic error'
}

Node.js v24.16.0
